[2023-11-20T20:42:21.595+0100] {manager.py:487} INFO - Processing files using up to 1 processes at a time 
[2023-11-20T20:42:21.596+0100] {manager.py:488} INFO - Process each file at most once every 30 seconds
[2023-11-20T20:42:21.597+0100] {manager.py:489} INFO - Checking for new files in /home/yzpt/projects/carburant_gcp/dags every 300 seconds
[2023-11-20T20:42:21.598+0100] {manager.py:755} INFO - Searching for files in /home/yzpt/projects/carburant_gcp/dags
[2023-11-20T20:42:21.704+0100] {manager.py:758} INFO - There are 46 files in /home/yzpt/projects/carburant_gcp/dags
[2023-11-20T20:42:22.665+0100] {manager.py:887} INFO - 
================================================================================
DAG File Processing Stats

File Path                                                                                                                                            PID    Runtime      # DAGs    # Errors  Last Runtime    Last Run
---------------------------------------------------------------------------------------------------------------------------------------------------  -----  ---------  --------  ----------  --------------  -------------------
/home/yzpt/projects/carburant_gcp/venv/lib/python3.10/site-packages/airflow/example_dags/tutorial_dag.py                                                                      0           0
/home/yzpt/projects/carburant_gcp/venv/lib/python3.10/site-packages/airflow/example_dags/example_sensor_decorator.py                                                          0           0
/home/yzpt/projects/carburant_gcp/venv/lib/python3.10/site-packages/airflow/example_dags/example_trigger_target_dag.py                                                        0           0
/home/yzpt/projects/carburant_gcp/venv/lib/python3.10/site-packages/airflow/example_dags/example_latest_only.py                                                               0           0
/home/yzpt/projects/carburant_gcp/venv/lib/python3.10/site-packages/airflow/example_dags/example_dynamic_task_mapping_with_no_taskflow_operators.py                           0           0
/home/yzpt/projects/carburant_gcp/venv/lib/python3.10/site-packages/airflow/example_dags/example_setup_teardown_taskflow.py                                                   0           0
/home/yzpt/projects/carburant_gcp/venv/lib/python3.10/site-packages/airflow/example_dags/tutorial_taskflow_api_virtualenv.py                                                  0           0
/home/yzpt/projects/carburant_gcp/venv/lib/python3.10/site-packages/airflow/example_dags/example_branch_operator.py                                                           0           0
/home/yzpt/projects/carburant_gcp/venv/lib/python3.10/site-packages/airflow/example_dags/example_external_task_marker_dag.py                                                  0           0
/home/yzpt/projects/carburant_gcp/venv/lib/python3.10/site-packages/airflow/example_dags/example_branch_day_of_week_operator.py                                               0           0
/home/yzpt/projects/carburant_gcp/venv/lib/python3.10/site-packages/airflow/example_dags/tutorial_taskflow_api.py                                                             0           0
/home/yzpt/projects/carburant_gcp/venv/lib/python3.10/site-packages/airflow/example_dags/example_local_kubernetes_executor.py                                                 0           0
/home/yzpt/projects/carburant_gcp/venv/lib/python3.10/site-packages/airflow/example_dags/example_complex.py                                                                   0           0
/home/yzpt/projects/carburant_gcp/venv/lib/python3.10/site-packages/airflow/example_dags/example_short_circuit_operator.py                                                    0           0
/home/yzpt/projects/carburant_gcp/venv/lib/python3.10/site-packages/airflow/example_dags/example_sensors.py                                                                   0           0
/home/yzpt/projects/carburant_gcp/venv/lib/python3.10/site-packages/airflow/example_dags/example_time_delta_sensor_async.py                                                   0           0
/home/yzpt/projects/carburant_gcp/venv/lib/python3.10/site-packages/airflow/example_dags/example_branch_python_dop_operator_3.py                                              0           0
/home/yzpt/projects/carburant_gcp/venv/lib/python3.10/site-packages/airflow/example_dags/example_trigger_controller_dag.py                                                    0           0
/home/yzpt/projects/carburant_gcp/venv/lib/python3.10/site-packages/airflow/example_dags/example_xcomargs.py                                                                  0           0
/home/yzpt/projects/carburant_gcp/venv/lib/python3.10/site-packages/airflow/example_dags/example_kubernetes_executor.py                                                       0           0
/home/yzpt/projects/carburant_gcp/venv/lib/python3.10/site-packages/airflow/example_dags/example_branch_labels.py                                                             0           0
/home/yzpt/projects/carburant_gcp/venv/lib/python3.10/site-packages/airflow/example_dags/example_branch_datetime_operator.py                                                  0           0
/home/yzpt/projects/carburant_gcp/venv/lib/python3.10/site-packages/airflow/example_dags/example_datasets.py                                                                  0           0
/home/yzpt/projects/carburant_gcp/venv/lib/python3.10/site-packages/airflow/example_dags/example_params_trigger_ui.py                                                         0           0
/home/yzpt/projects/carburant_gcp/venv/lib/python3.10/site-packages/airflow/example_dags/example_task_group.py                                                                0           0
/home/yzpt/projects/carburant_gcp/venv/lib/python3.10/site-packages/airflow/example_dags/example_skip_dag.py                                                                  0           0
/home/yzpt/projects/carburant_gcp/venv/lib/python3.10/site-packages/airflow/example_dags/example_sla_dag.py                                                                   0           0
/home/yzpt/projects/carburant_gcp/venv/lib/python3.10/site-packages/airflow/example_dags/example_bash_operator.py                                                             0           0
/home/yzpt/projects/carburant_gcp/venv/lib/python3.10/site-packages/airflow/example_dags/example_subdag_operator.py                                                           0           0
/home/yzpt/projects/carburant_gcp/venv/lib/python3.10/site-packages/airflow/example_dags/example_task_group_decorator.py                                                      0           0
/home/yzpt/projects/carburant_gcp/venv/lib/python3.10/site-packages/airflow/example_dags/example_nested_branch_dag.py                                                         0           0
/home/yzpt/projects/carburant_gcp/venv/lib/python3.10/site-packages/airflow/example_dags/tutorial.py                                                                          0           0
/home/yzpt/projects/carburant_gcp/venv/lib/python3.10/site-packages/airflow/example_dags/example_short_circuit_decorator.py                                                   0           0
/home/yzpt/projects/carburant_gcp/venv/lib/python3.10/site-packages/airflow/example_dags/example_branch_operator_decorator.py                                                 0           0
/home/yzpt/projects/carburant_gcp/venv/lib/python3.10/site-packages/airflow/example_dags/example_dynamic_task_mapping.py                                                      0           0
/home/yzpt/projects/carburant_gcp/venv/lib/python3.10/site-packages/airflow/example_dags/example_params_ui_tutorial.py                                                        0           0
/home/yzpt/projects/carburant_gcp/venv/lib/python3.10/site-packages/airflow/example_dags/example_passing_params_via_test_command.py                                           0           0
/home/yzpt/projects/carburant_gcp/venv/lib/python3.10/site-packages/airflow/example_dags/example_dag_decorator.py                                                             0           0
/home/yzpt/projects/carburant_gcp/venv/lib/python3.10/site-packages/airflow/example_dags/example_python_operator.py                                                           0           0
/home/yzpt/projects/carburant_gcp/venv/lib/python3.10/site-packages/airflow/example_dags/example_latest_only_with_trigger.py                                                  0           0
/home/yzpt/projects/carburant_gcp/venv/lib/python3.10/site-packages/airflow/example_dags/example_setup_teardown.py                                                            0           0
/home/yzpt/projects/carburant_gcp/venv/lib/python3.10/site-packages/airflow/example_dags/plugins/workday.py                                                                   0           0
/home/yzpt/projects/carburant_gcp/venv/lib/python3.10/site-packages/airflow/example_dags/plugins/listener_plugin.py                                                           0           0
/home/yzpt/projects/carburant_gcp/venv/lib/python3.10/site-packages/airflow/example_dags/plugins/event_listener.py                                                            0           0
/home/yzpt/projects/carburant_gcp/venv/lib/python3.10/site-packages/airflow/example_dags/subdags/subdag.py                                                                    0           0
/home/yzpt/projects/carburant_gcp/venv/lib/python3.10/site-packages/airflow/example_dags/example_xcom.py                                                                      1           0  0.73s           2023-11-20T19:42:22
================================================================================
[2023-11-20T20:42:53.888+0100] {manager.py:887} INFO - 
================================================================================
DAG File Processing Stats

File Path                                                                                                                                            PID    Runtime      # DAGs    # Errors  Last Runtime    Last Run
---------------------------------------------------------------------------------------------------------------------------------------------------  -----  ---------  --------  ----------  --------------  -------------------
/home/yzpt/projects/carburant_gcp/venv/lib/python3.10/site-packages/airflow/example_dags/example_dynamic_task_mapping_with_no_taskflow_operators.py                           0           0
/home/yzpt/projects/carburant_gcp/venv/lib/python3.10/site-packages/airflow/example_dags/example_setup_teardown_taskflow.py                                                   0           0
/home/yzpt/projects/carburant_gcp/venv/lib/python3.10/site-packages/airflow/example_dags/tutorial_taskflow_api_virtualenv.py                                                  0           0  0.11s           2023-11-20T19:42:27
/home/yzpt/projects/carburant_gcp/venv/lib/python3.10/site-packages/airflow/example_dags/example_branch_operator.py                                                           0           0
/home/yzpt/projects/carburant_gcp/venv/lib/python3.10/site-packages/airflow/example_dags/example_external_task_marker_dag.py                                                  0           0
/home/yzpt/projects/carburant_gcp/venv/lib/python3.10/site-packages/airflow/example_dags/example_branch_day_of_week_operator.py                                               0           0
/home/yzpt/projects/carburant_gcp/venv/lib/python3.10/site-packages/airflow/example_dags/example_local_kubernetes_executor.py                                                 0           0
/home/yzpt/projects/carburant_gcp/venv/lib/python3.10/site-packages/airflow/example_dags/example_complex.py                                                                   0           0
/home/yzpt/projects/carburant_gcp/venv/lib/python3.10/site-packages/airflow/example_dags/example_short_circuit_operator.py                                                    0           0
/home/yzpt/projects/carburant_gcp/venv/lib/python3.10/site-packages/airflow/example_dags/example_sensors.py                                                                   0           0
/home/yzpt/projects/carburant_gcp/venv/lib/python3.10/site-packages/airflow/example_dags/example_branch_python_dop_operator_3.py                                              0           0
/home/yzpt/projects/carburant_gcp/venv/lib/python3.10/site-packages/airflow/example_dags/example_kubernetes_executor.py                                                       0           0
/home/yzpt/projects/carburant_gcp/venv/lib/python3.10/site-packages/airflow/example_dags/example_branch_labels.py                                                             0           0
/home/yzpt/projects/carburant_gcp/venv/lib/python3.10/site-packages/airflow/example_dags/example_branch_datetime_operator.py                                                  0           0
/home/yzpt/projects/carburant_gcp/venv/lib/python3.10/site-packages/airflow/example_dags/example_datasets.py                                                                  0           0
/home/yzpt/projects/carburant_gcp/venv/lib/python3.10/site-packages/airflow/example_dags/example_params_trigger_ui.py                                                         0           0
/home/yzpt/projects/carburant_gcp/venv/lib/python3.10/site-packages/airflow/example_dags/example_skip_dag.py                                                                  0           0
/home/yzpt/projects/carburant_gcp/venv/lib/python3.10/site-packages/airflow/example_dags/example_sla_dag.py                                                                   0           0
/home/yzpt/projects/carburant_gcp/venv/lib/python3.10/site-packages/airflow/example_dags/example_bash_operator.py                                                             0           0
/home/yzpt/projects/carburant_gcp/venv/lib/python3.10/site-packages/airflow/example_dags/example_subdag_operator.py                                                           0           0
/home/yzpt/projects/carburant_gcp/venv/lib/python3.10/site-packages/airflow/example_dags/example_nested_branch_dag.py                                                         0           0
/home/yzpt/projects/carburant_gcp/venv/lib/python3.10/site-packages/airflow/example_dags/example_short_circuit_decorator.py                                                   0           0
/home/yzpt/projects/carburant_gcp/venv/lib/python3.10/site-packages/airflow/example_dags/example_branch_operator_decorator.py                                                 0           0
/home/yzpt/projects/carburant_gcp/venv/lib/python3.10/site-packages/airflow/example_dags/example_dynamic_task_mapping.py                                                      0           0
/home/yzpt/projects/carburant_gcp/venv/lib/python3.10/site-packages/airflow/example_dags/example_params_ui_tutorial.py                                                        0           0
/home/yzpt/projects/carburant_gcp/venv/lib/python3.10/site-packages/airflow/example_dags/example_passing_params_via_test_command.py                                           0           0
/home/yzpt/projects/carburant_gcp/venv/lib/python3.10/site-packages/airflow/example_dags/example_dag_decorator.py                                                             0           0
/home/yzpt/projects/carburant_gcp/venv/lib/python3.10/site-packages/airflow/example_dags/example_python_operator.py                                                           0           0
/home/yzpt/projects/carburant_gcp/venv/lib/python3.10/site-packages/airflow/example_dags/example_latest_only_with_trigger.py                                                  0           0
/home/yzpt/projects/carburant_gcp/venv/lib/python3.10/site-packages/airflow/example_dags/example_setup_teardown.py                                                            0           0
/home/yzpt/projects/carburant_gcp/venv/lib/python3.10/site-packages/airflow/example_dags/plugins/workday.py                                                                   0           0  0.22s           2023-11-20T19:42:44
/home/yzpt/projects/carburant_gcp/venv/lib/python3.10/site-packages/airflow/example_dags/plugins/listener_plugin.py                                                           0           0  0.11s           2023-11-20T19:42:46
/home/yzpt/projects/carburant_gcp/venv/lib/python3.10/site-packages/airflow/example_dags/plugins/event_listener.py                                                            0           0  0.22s           2023-11-20T19:42:47
/home/yzpt/projects/carburant_gcp/venv/lib/python3.10/site-packages/airflow/example_dags/subdags/subdag.py                                                                    0           0  0.22s           2023-11-20T19:42:48
/home/yzpt/projects/carburant_gcp/venv/lib/python3.10/site-packages/airflow/example_dags/example_xcom.py                                                                      1           0  0.73s           2023-11-20T19:42:22
/home/yzpt/projects/carburant_gcp/venv/lib/python3.10/site-packages/airflow/example_dags/tutorial_dag.py                                                                      1           0  0.87s           2023-11-20T19:42:24
/home/yzpt/projects/carburant_gcp/venv/lib/python3.10/site-packages/airflow/example_dags/example_sensor_decorator.py                                                          1           0  1.72s           2023-11-20T19:42:51
/home/yzpt/projects/carburant_gcp/venv/lib/python3.10/site-packages/airflow/example_dags/example_trigger_target_dag.py                                                        1           0  0.73s           2023-11-20T19:42:26
/home/yzpt/projects/carburant_gcp/venv/lib/python3.10/site-packages/airflow/example_dags/example_latest_only.py                                                               1           0  1.02s           2023-11-20T19:42:53
/home/yzpt/projects/carburant_gcp/venv/lib/python3.10/site-packages/airflow/example_dags/tutorial_taskflow_api.py                                                             1           0  2.23s           2023-11-20T19:42:31
/home/yzpt/projects/carburant_gcp/venv/lib/python3.10/site-packages/airflow/example_dags/example_time_delta_sensor_async.py                                                   1           0  1.22s           2023-11-20T19:42:32
/home/yzpt/projects/carburant_gcp/venv/lib/python3.10/site-packages/airflow/example_dags/example_trigger_controller_dag.py                                                    1           0  0.82s           2023-11-20T19:42:34
/home/yzpt/projects/carburant_gcp/venv/lib/python3.10/site-packages/airflow/example_dags/example_task_group.py                                                                1           0  1.15s           2023-11-20T19:42:39
/home/yzpt/projects/carburant_gcp/venv/lib/python3.10/site-packages/airflow/example_dags/example_task_group_decorator.py                                                      1           0  1.13s           2023-11-20T19:42:41
/home/yzpt/projects/carburant_gcp/venv/lib/python3.10/site-packages/airflow/example_dags/tutorial.py                                                                          1           0  1.13s           2023-11-20T19:42:43
/home/yzpt/projects/carburant_gcp/venv/lib/python3.10/site-packages/airflow/example_dags/example_xcomargs.py                                                                  2           0  1.53s           2023-11-20T19:42:37
================================================================================
[2023-11-20T20:43:25.301+0100] {manager.py:887} INFO - 
================================================================================
DAG File Processing Stats

File Path                                                                                                                                            PID    Runtime      # DAGs    # Errors  Last Runtime    Last Run
---------------------------------------------------------------------------------------------------------------------------------------------------  -----  ---------  --------  ----------  --------------  -------------------
/home/yzpt/projects/carburant_gcp/venv/lib/python3.10/site-packages/airflow/example_dags/tutorial_taskflow_api_virtualenv.py                                                  0           0  0.11s           2023-11-20T19:42:27
/home/yzpt/projects/carburant_gcp/venv/lib/python3.10/site-packages/airflow/example_dags/example_branch_operator.py                                                           0           0
/home/yzpt/projects/carburant_gcp/venv/lib/python3.10/site-packages/airflow/example_dags/example_branch_day_of_week_operator.py                                               0           0
/home/yzpt/projects/carburant_gcp/venv/lib/python3.10/site-packages/airflow/example_dags/example_local_kubernetes_executor.py                                                 0           0  0.13s           2023-11-20T19:43:02
/home/yzpt/projects/carburant_gcp/venv/lib/python3.10/site-packages/airflow/example_dags/example_complex.py                                                                   0           0
/home/yzpt/projects/carburant_gcp/venv/lib/python3.10/site-packages/airflow/example_dags/example_branch_python_dop_operator_3.py                                              0           0
/home/yzpt/projects/carburant_gcp/venv/lib/python3.10/site-packages/airflow/example_dags/example_kubernetes_executor.py                                                       0           0  0.14s           2023-11-20T19:43:08
/home/yzpt/projects/carburant_gcp/venv/lib/python3.10/site-packages/airflow/example_dags/example_branch_labels.py                                                             0           0
/home/yzpt/projects/carburant_gcp/venv/lib/python3.10/site-packages/airflow/example_dags/example_branch_datetime_operator.py                                                  0           0
/home/yzpt/projects/carburant_gcp/venv/lib/python3.10/site-packages/airflow/example_dags/example_bash_operator.py                                                             0           0
/home/yzpt/projects/carburant_gcp/venv/lib/python3.10/site-packages/airflow/example_dags/example_branch_operator_decorator.py                                                 0           0
/home/yzpt/projects/carburant_gcp/venv/lib/python3.10/site-packages/airflow/example_dags/example_params_ui_tutorial.py                                                        0           0
/home/yzpt/projects/carburant_gcp/venv/lib/python3.10/site-packages/airflow/example_dags/example_passing_params_via_test_command.py                                           0           0
/home/yzpt/projects/carburant_gcp/venv/lib/python3.10/site-packages/airflow/example_dags/example_dag_decorator.py                                                             0           0
/home/yzpt/projects/carburant_gcp/venv/lib/python3.10/site-packages/airflow/example_dags/example_python_operator.py                                                           0           0
/home/yzpt/projects/carburant_gcp/venv/lib/python3.10/site-packages/airflow/example_dags/example_latest_only_with_trigger.py                                                  0           0
/home/yzpt/projects/carburant_gcp/venv/lib/python3.10/site-packages/airflow/example_dags/example_setup_teardown.py                                                            0           0
/home/yzpt/projects/carburant_gcp/venv/lib/python3.10/site-packages/airflow/example_dags/plugins/workday.py                                                                   0           0  0.22s           2023-11-20T19:42:44
/home/yzpt/projects/carburant_gcp/venv/lib/python3.10/site-packages/airflow/example_dags/plugins/listener_plugin.py                                                           0           0  0.11s           2023-11-20T19:42:46
/home/yzpt/projects/carburant_gcp/venv/lib/python3.10/site-packages/airflow/example_dags/plugins/event_listener.py                                                            0           0  0.22s           2023-11-20T19:42:47
/home/yzpt/projects/carburant_gcp/venv/lib/python3.10/site-packages/airflow/example_dags/subdags/subdag.py                                                                    0           0  0.22s           2023-11-20T19:42:48
/home/yzpt/projects/carburant_gcp/venv/lib/python3.10/site-packages/airflow/example_dags/example_xcom.py                                                                      1           0  0.73s           2023-11-20T19:42:22
/home/yzpt/projects/carburant_gcp/venv/lib/python3.10/site-packages/airflow/example_dags/tutorial_dag.py                                                                      1           0  0.87s           2023-11-20T19:42:24
/home/yzpt/projects/carburant_gcp/venv/lib/python3.10/site-packages/airflow/example_dags/example_sensor_decorator.py                                                          1           0  1.72s           2023-11-20T19:42:51
/home/yzpt/projects/carburant_gcp/venv/lib/python3.10/site-packages/airflow/example_dags/example_trigger_target_dag.py                                                        1           0  0.73s           2023-11-20T19:42:26
/home/yzpt/projects/carburant_gcp/venv/lib/python3.10/site-packages/airflow/example_dags/example_latest_only.py                                                               1           0  1.02s           2023-11-20T19:42:53
/home/yzpt/projects/carburant_gcp/venv/lib/python3.10/site-packages/airflow/example_dags/example_dynamic_task_mapping_with_no_taskflow_operators.py                           1           0  0.73s           2023-11-20T19:42:55
/home/yzpt/projects/carburant_gcp/venv/lib/python3.10/site-packages/airflow/example_dags/example_setup_teardown_taskflow.py                                                   1           0  1.52s           2023-11-20T19:42:58
/home/yzpt/projects/carburant_gcp/venv/lib/python3.10/site-packages/airflow/example_dags/tutorial_taskflow_api.py                                                             1           0  2.23s           2023-11-20T19:42:31
/home/yzpt/projects/carburant_gcp/venv/lib/python3.10/site-packages/airflow/example_dags/example_short_circuit_operator.py                                                    1           0  1.53s           2023-11-20T19:43:04
/home/yzpt/projects/carburant_gcp/venv/lib/python3.10/site-packages/airflow/example_dags/example_sensors.py                                                                   1           0  1.03s           2023-11-20T19:43:06
/home/yzpt/projects/carburant_gcp/venv/lib/python3.10/site-packages/airflow/example_dags/example_time_delta_sensor_async.py                                                   1           0  1.22s           2023-11-20T19:42:32
/home/yzpt/projects/carburant_gcp/venv/lib/python3.10/site-packages/airflow/example_dags/example_trigger_controller_dag.py                                                    1           0  0.82s           2023-11-20T19:42:34
/home/yzpt/projects/carburant_gcp/venv/lib/python3.10/site-packages/airflow/example_dags/example_params_trigger_ui.py                                                         1           0  1.03s           2023-11-20T19:43:13
/home/yzpt/projects/carburant_gcp/venv/lib/python3.10/site-packages/airflow/example_dags/example_task_group.py                                                                1           0  1.15s           2023-11-20T19:42:39
/home/yzpt/projects/carburant_gcp/venv/lib/python3.10/site-packages/airflow/example_dags/example_skip_dag.py                                                                  1           0  1.45s           2023-11-20T19:43:15
/home/yzpt/projects/carburant_gcp/venv/lib/python3.10/site-packages/airflow/example_dags/example_sla_dag.py                                                                   1           0  0.83s           2023-11-20T19:43:17
/home/yzpt/projects/carburant_gcp/venv/lib/python3.10/site-packages/airflow/example_dags/example_task_group_decorator.py                                                      1           0  1.13s           2023-11-20T19:42:41
/home/yzpt/projects/carburant_gcp/venv/lib/python3.10/site-packages/airflow/example_dags/example_nested_branch_dag.py                                                         1           0  0.81s           2023-11-20T19:43:21
/home/yzpt/projects/carburant_gcp/venv/lib/python3.10/site-packages/airflow/example_dags/tutorial.py                                                                          1           0  1.13s           2023-11-20T19:42:43
/home/yzpt/projects/carburant_gcp/venv/lib/python3.10/site-packages/airflow/example_dags/example_short_circuit_decorator.py                                                   1           0  1.06s           2023-11-20T19:43:22
/home/yzpt/projects/carburant_gcp/venv/lib/python3.10/site-packages/airflow/example_dags/example_dynamic_task_mapping.py                                                      1           0  1.24s           2023-11-20T19:43:25
/home/yzpt/projects/carburant_gcp/venv/lib/python3.10/site-packages/airflow/example_dags/example_external_task_marker_dag.py                                                  2           0  1.22s           2023-11-20T19:43:00
/home/yzpt/projects/carburant_gcp/venv/lib/python3.10/site-packages/airflow/example_dags/example_xcomargs.py                                                                  2           0  1.53s           2023-11-20T19:42:37
/home/yzpt/projects/carburant_gcp/venv/lib/python3.10/site-packages/airflow/example_dags/example_subdag_operator.py                                                           3           0  0.92s           2023-11-20T19:43:19
/home/yzpt/projects/carburant_gcp/venv/lib/python3.10/site-packages/airflow/example_dags/example_datasets.py                                                                  6           0  2.02s           2023-11-20T19:43:11
================================================================================
[2023-11-20T20:43:38.138+0100] {manager.py:469} INFO - Exiting gracefully upon receiving signal 15
